92	0.000000	images48.jpg
102	0.000000	images57.jpg
5	0.000000	202000003264.jpg
25	0.000000	Siamese-Cat-Facts.jpg
112	0.000000	national-siamese-cat-day-640x514.jpg
34	0.000000	best-cat-breeds-scottish-fold-1573528039.jpg
53	0.000000	images12.jpg
134	0.000000	siamese.jpg
41	0.000000	facts-about-siamese-cats.jpg
2	0.000000	13724501-siamese-cat-portrait.jpg
40	0.000000	faa086ae31ba64991619a34c4ca869e7.jpg
11	0.000000	57852681_10217900427129951_506862581093236736_o.jpg
86	0.000000	images42.jpg
8	0.000000	513O07zrDcL._SX331_BO1204203200_.jpg
56	0.000000	images15.jpg
63	0.000000	images21.jpg
4	0.000000	150px-Sealpoint-siamese-hybrid.jpg
105	0.000000	images8.jpg
135	0.000000	siamese1-200x300.jpg
65	0.000000	images23.jpg
1	0.000000	104288841-beautiful-siamese-cat-isolated-on-white-background.jpg
118	0.000000	s-l1600.jpg
36	0.000000	blog-newimg4.jpg
96	0.000000	images51.jpg
132	0.000000	siamese-cat-with-blue-eyes-stock-photograph_csp58201693.jpg
60	0.000000	images19.jpg
78	0.000000	images35.jpg
68	0.000000	images26.jpg
125	0.000000	siamese-cat-10.jpg
103	0.000000	images6.jpg
95	0.000000	images50.jpg
120	0.000000	seal-point.jpg
88	0.000000	images44.jpg
115	0.000000	photo1.jpg
13	0.000000	77113-istock-176697468.jpg
33	0.000000	beautiful-siamese-cat.jpg
19	0.000000	IMG_9499.jpg
14	0.000000	A-Siamese-cat.jpg
75	0.000000	images32.jpg
123	0.000000	siamese-and-black-cat-large-300x220.jpg
66	0.000000	images24.jpg
17	0.000000	Cat_Siamese_Mobile.jpg
111	0.000000	mu0038t.jpg
10	0.000000	57253350_10217943313802091_8072089401573769216_o.jpg
90	0.000000	images46.jpg
93	0.000000	images49.jpg
104	0.000000	images7.jpg
87	0.000000	images43.jpg
9	0.000000	5164785-QPDBHCUL-7.jpg
62	0.000000	images20.jpg
74	0.000000	images31.jpg
76	0.000000	images33.jpg
91	0.000000	images47.jpg
32	0.000000	artist-toy-cat-portrait-siamese.jpg
124	0.000000	siamese-card-small.jpg
27	0.000000	Siamese-cat0.jpg
126	0.000000	siamese-cat-700x700.jpg
45	0.000000	hi-line-gift-garden-statues-87757-b-64_1000.jpg
58	0.000000	images17.jpg
109	0.000000	maxresdefault0.jpg
54	0.000000	images13.jpg
97	0.000000	images52.jpg
99	0.000000	images54.jpg
55	0.000000	images14.jpg
38	0.000000	burmese-vs-siamese-header.jpg
127	0.000000	siamese-cat-Ireland-1024x680.jpg
7	0.000000	246653-699x450-siamese-cats.jpg
108	0.000000	maxresdefault.jpg
61	0.000000	images2.jpg
46	0.000000	how-long-do-siamese-cats-live.jpg
69	0.000000	images27.jpg
73	0.000000	images30.jpg
128	0.000000	siamese-cat-corey-ford.jpg
43	0.000000	five-universal-personality-traits-of-the-siamese-cat-557beb8f95efa.jpg
140	0.000000	siamesecatfacts-908x510.jpg
64	0.000000	images22.jpg
131	0.000000	siamese-cat-kitten-picture-1.jpg
94	0.000000	images5.jpg
6	0.000000	202000004473.jpg
70	0.000000	images28.jpg
79	0.000000	images36.jpg
16	0.000000	Buy-siamese-cat-ireland.jpg
49	0.000000	images0.jpg
139	0.000000	siamese_cat_01391.jpg
57	0.000000	images16.jpg
30	0.000000	af8be54bde8aedec28710a93d2b4c563.jpg
85	0.000000	images41.jpg
3	0.000000	14306794_f520.jpg
21	0.000000	National-Siamese-Cat-Day.jpg
113	0.000000	photo.jpg
136	0.000000	siamese1-750x398.jpg
72	0.000000	images3.jpg
114	0.000000	photo0.jpg
50	0.000000	images1.jpg
77	0.000000	images34.jpg
0	0.000000	00-4.jpg
23	0.000000	Siamese-1.jpg
15	0.000000	Anticipation-Siamese-Cat-Porcelain-Figurine-Artist-pic-1A-20483A10.10-959-f.jpg
81	0.000000	images38.jpg
83	0.000000	images4.jpg
130	0.000000	siamese-cat-cover0.jpg
48	0.000000	images.jpg
101	0.000000	images56.jpg
35	0.000000	blog-newimg3.jpg
71	0.000000	images29.jpg
59	0.000000	images18.jpg
51	0.000000	images10.jpg
133	0.000000	siamese-kitten-1068x346.jpg
106	0.000000	images9.jpg
52	0.000000	images11.jpg
80	0.000000	images37.jpg
47	0.000000	il_570xN.1538696856_bwbo.jpg
137	0.000000	siamese3.jpg
24	0.000000	Siamese-Alone.jpg
18	0.000000	How-To-Groom-A-Siamese-Cat-the-complete-guide-300x201.jpg
22	0.000000	Siam_lilacpoint.jpg
122	0.000000	siam-2726108_1280.jpg
98	0.000000	images53.jpg
107	0.000000	img_179_siamese_0_600.jpg
39	0.000000	cat-2124270__340.jpg
29	0.000000	Small-Siamese.jpg
42	0.000000	file_2667_siamese-cat-breed.jpg
26	0.000000	Siamese-cat.jpg
121	0.000000	shutterstock_715538251.jpg
82	0.000000	images39.jpg
119	0.000000	scat-300x200.jpg
84	0.000000	images40.jpg
12	0.000000	71k0O-iKXhL._AC_SL1500_.jpg
67	0.000000	images25.jpg
138	0.000000	siamese_6d2239ab-9ed0-4ba7-84b9-f98a1b179257.jpg
20	0.000000	M-AN-SIAM---High__53454.1456496180.1280.1280.jpg
31	0.000000	aid8703666-v4-728px-Identify-a-Siamese-Cat-Step-1.jpg
28	0.000000	Siamese-seal-point.jpg
129	0.000000	siamese-cat-cover.jpg
110	0.000000	maxresdefault1.jpg
89	0.000000	images45.jpg
100	0.000000	images55.jpg
44	0.000000	fpostersmallwall_textureproduct750x1000.u1.jpg
116	0.000000	photo2.jpg
117	0.000000	portrait-siamese-cat-on-sofa-260nw-525025708.jpg
37	0.000000	breed-Siamese-cats-Thailand.jpg
